C:\USERS\HP\ONEDRIVE\DOCUMENTS\VISUAL STUDIO 2010\PROJECTS\SERVERSOCKET\DEBUG\SERVERSOCKET.EXE
C:\USERS\HP\ONEDRIVE\DOCUMENTS\VISUAL STUDIO 2010\PROJECTS\SERVERSOCKET\DEBUG\SERVERSOCKET.ILK
C:\USERS\HP\ONEDRIVE\DOCUMENTS\VISUAL STUDIO 2010\PROJECTS\SERVERSOCKET\DEBUG\SERVERSOCKET.PDB
C:\USERS\HP\ONEDRIVE\DOCUMENTS\VISUAL STUDIO 2010\PROJECTS\SERVERSOCKET\SERVERSOCKET\DEBUG\.NETFRAMEWORK,VERSION=V4.0.ASSEMBLYATTRIBUTES.OBJ
C:\USERS\HP\ONEDRIVE\DOCUMENTS\VISUAL STUDIO 2010\PROJECTS\SERVERSOCKET\SERVERSOCKET\DEBUG\APP.RES
C:\USERS\HP\ONEDRIVE\DOCUMENTS\VISUAL STUDIO 2010\PROJECTS\SERVERSOCKET\SERVERSOCKET\DEBUG\ASSEMBLYINFO.OBJ
c:\Users\hp\OneDrive\documents\visual studio 2010\Projects\serverSocket\serverSocket\Debug\cl.command.1.tlog
c:\Users\hp\OneDrive\documents\visual studio 2010\Projects\serverSocket\serverSocket\Debug\CL.read.1.tlog
c:\Users\hp\OneDrive\documents\visual studio 2010\Projects\serverSocket\serverSocket\Debug\CL.write.1.tlog
c:\Users\hp\OneDrive\documents\visual studio 2010\Projects\serverSocket\serverSocket\Debug\link.20904.read.1.tlog
c:\Users\hp\OneDrive\documents\visual studio 2010\Projects\serverSocket\serverSocket\Debug\link.20904.write.1.tlog
c:\Users\hp\OneDrive\documents\visual studio 2010\Projects\serverSocket\serverSocket\Debug\link.20904-cvtres.read.1.tlog
c:\Users\hp\OneDrive\documents\visual studio 2010\Projects\serverSocket\serverSocket\Debug\link.20904-cvtres.write.1.tlog
c:\Users\hp\OneDrive\documents\visual studio 2010\Projects\serverSocket\serverSocket\Debug\link.command.1.tlog
c:\Users\hp\OneDrive\documents\visual studio 2010\Projects\serverSocket\serverSocket\Debug\link.read.1.tlog
c:\Users\hp\OneDrive\documents\visual studio 2010\Projects\serverSocket\serverSocket\Debug\link.write.1.tlog
c:\Users\hp\OneDrive\documents\visual studio 2010\Projects\serverSocket\serverSocket\Debug\mt.command.1.tlog
c:\Users\hp\OneDrive\documents\visual studio 2010\Projects\serverSocket\serverSocket\Debug\mt.read.1.tlog
c:\Users\hp\OneDrive\documents\visual studio 2010\Projects\serverSocket\serverSocket\Debug\mt.write.1.tlog
c:\Users\hp\OneDrive\documents\visual studio 2010\Projects\serverSocket\serverSocket\Debug\rc.command.1.tlog
c:\Users\hp\OneDrive\documents\visual studio 2010\Projects\serverSocket\serverSocket\Debug\rc.read.1.tlog
c:\Users\hp\OneDrive\documents\visual studio 2010\Projects\serverSocket\serverSocket\Debug\rc.write.1.tlog
C:\USERS\HP\ONEDRIVE\DOCUMENTS\VISUAL STUDIO 2010\PROJECTS\SERVERSOCKET\SERVERSOCKET\DEBUG\SERVERSOCKET.EXE.INTERMEDIATE.MANIFEST
C:\USERS\HP\ONEDRIVE\DOCUMENTS\VISUAL STUDIO 2010\PROJECTS\SERVERSOCKET\SERVERSOCKET\DEBUG\SERVERSOCKET.OBJ
C:\USERS\HP\ONEDRIVE\DOCUMENTS\VISUAL STUDIO 2010\PROJECTS\SERVERSOCKET\SERVERSOCKET\DEBUG\SERVERSOCKET.PCH
c:\Users\hp\OneDrive\documents\visual studio 2010\Projects\serverSocket\serverSocket\Debug\serverSocket.write.1.tlog
C:\USERS\HP\ONEDRIVE\DOCUMENTS\VISUAL STUDIO 2010\PROJECTS\SERVERSOCKET\SERVERSOCKET\DEBUG\SERVERSOCKET2.OBJ
C:\USERS\HP\ONEDRIVE\DOCUMENTS\VISUAL STUDIO 2010\PROJECTS\SERVERSOCKET\SERVERSOCKET\DEBUG\STDAFX.OBJ
C:\USERS\HP\ONEDRIVE\DOCUMENTS\VISUAL STUDIO 2010\PROJECTS\SERVERSOCKET\SERVERSOCKET\DEBUG\VC100.PDB
